=== Dataset: SEED_BYSUBJ ===
Channels: 62, Classes: 3, Time points: 400
Model: DGCNN | LR: 0.001 | Epochs: 60 | Batch: 64
Device: cpu
AMP: False | Grad accum: 1
----------------------------------------

========================================
  Fold 1/5
========================================
Epoch [01/60] | Train Loss: 1.2098 | Val Loss: 1.3166 | Val Acc: 0.3370
Epoch [02/60] | Train Loss: 1.1912 | Val Loss: 1.1179 | Val Acc: 0.3519 *
Epoch [03/60] | Train Loss: 1.1459 | Val Loss: 1.0732 | Val Acc: 0.3889 *
Epoch [04/60] | Train Loss: 1.1156 | Val Loss: 1.0806 | Val Acc: 0.4074 *
Epoch [05/60] | Train Loss: 1.0994 | Val Loss: 1.0684 | Val Acc: 0.4148 *
Epoch [06/60] | Train Loss: 1.1025 | Val Loss: 1.0658 | Val Acc: 0.4370 *
Epoch [07/60] | Train Loss: 1.0876 | Val Loss: 1.0614 | Val Acc: 0.4370
Epoch [08/60] | Train Loss: 1.0816 | Val Loss: 1.0592 | Val Acc: 0.4444 *
Epoch [09/60] | Train Loss: 1.0750 | Val Loss: 1.0538 | Val Acc: 0.4333
Epoch [10/60] | Train Loss: 1.0691 | Val Loss: 1.0514 | Val Acc: 0.4444
Epoch [11/60] | Train Loss: 1.0699 | Val Loss: 1.0517 | Val Acc: 0.4148
Epoch [12/60] | Train Loss: 1.0780 | Val Loss: 1.0528 | Val Acc: 0.4148
Epoch [13/60] | Train Loss: 1.0740 | Val Loss: 1.0495 | Val Acc: 0.4370
Epoch [14/60] | Train Loss: 1.0524 | Val Loss: 1.0476 | Val Acc: 0.4407
Epoch [15/60] | Train Loss: 1.0676 | Val Loss: 1.0500 | Val Acc: 0.4481 *
Epoch [16/60] | Train Loss: 1.0667 | Val Loss: 1.0494 | Val Acc: 0.4296
Epoch [17/60] | Train Loss: 1.0573 | Val Loss: 1.0502 | Val Acc: 0.4333
Epoch [18/60] | Train Loss: 1.0566 | Val Loss: 1.0481 | Val Acc: 0.4444
Epoch [19/60] | Train Loss: 1.0557 | Val Loss: 1.0446 | Val Acc: 0.4370
Epoch [20/60] | Train Loss: 1.0527 | Val Loss: 1.0475 | Val Acc: 0.4111
Epoch [21/60] | Train Loss: 1.0613 | Val Loss: 1.0386 | Val Acc: 0.4556 *
Epoch [22/60] | Train Loss: 1.0502 | Val Loss: 1.0444 | Val Acc: 0.4222
Epoch [23/60] | Train Loss: 1.0487 | Val Loss: 1.0352 | Val Acc: 0.4667 *
Epoch [24/60] | Train Loss: 1.0347 | Val Loss: 1.0363 | Val Acc: 0.4222
Epoch [25/60] | Train Loss: 1.0317 | Val Loss: 1.0383 | Val Acc: 0.4259
Epoch [26/60] | Train Loss: 1.0400 | Val Loss: 1.0371 | Val Acc: 0.4556
Epoch [27/60] | Train Loss: 1.0424 | Val Loss: 1.0316 | Val Acc: 0.4481
Epoch [28/60] | Train Loss: 1.0216 | Val Loss: 1.0352 | Val Acc: 0.4370
Epoch [29/60] | Train Loss: 1.0441 | Val Loss: 1.0312 | Val Acc: 0.4704 *
Epoch [30/60] | Train Loss: 1.0278 | Val Loss: 1.0401 | Val Acc: 0.4407
Epoch [31/60] | Train Loss: 1.0512 | Val Loss: 1.0383 | Val Acc: 0.4481
Epoch [32/60] | Train Loss: 1.0302 | Val Loss: 1.0358 | Val Acc: 0.4519
Epoch [33/60] | Train Loss: 1.0318 | Val Loss: 1.0382 | Val Acc: 0.4333
Epoch [34/60] | Train Loss: 1.0232 | Val Loss: 1.0297 | Val Acc: 0.4444
Epoch [35/60] | Train Loss: 1.0238 | Val Loss: 1.0287 | Val Acc: 0.4630
Epoch [36/60] | Train Loss: 1.0153 | Val Loss: 1.0323 | Val Acc: 0.4519
Epoch [37/60] | Train Loss: 1.0303 | Val Loss: 1.0267 | Val Acc: 0.4556
Epoch [38/60] | Train Loss: 1.0100 | Val Loss: 1.0229 | Val Acc: 0.4704
Epoch [39/60] | Train Loss: 1.0046 | Val Loss: 1.0333 | Val Acc: 0.4444
Epoch [40/60] | Train Loss: 1.0012 | Val Loss: 1.0347 | Val Acc: 0.4370
Epoch [41/60] | Train Loss: 0.9857 | Val Loss: 1.0273 | Val Acc: 0.4519
Epoch [42/60] | Train Loss: 1.0027 | Val Loss: 1.0298 | Val Acc: 0.4519
Epoch [43/60] | Train Loss: 1.0047 | Val Loss: 1.0371 | Val Acc: 0.4370
Epoch [44/60] | Train Loss: 1.0050 | Val Loss: 1.0471 | Val Acc: 0.4556
Epoch [45/60] | Train Loss: 0.9953 | Val Loss: 1.0412 | Val Acc: 0.4407
Epoch [46/60] | Train Loss: 0.9939 | Val Loss: 1.0412 | Val Acc: 0.4704
Epoch [47/60] | Train Loss: 1.0112 | Val Loss: 1.0327 | Val Acc: 0.4519
Epoch [48/60] | Train Loss: 0.9815 | Val Loss: 1.0421 | Val Acc: 0.4741 *
Epoch [49/60] | Train Loss: 1.0049 | Val Loss: 1.0368 | Val Acc: 0.4704
Epoch [50/60] | Train Loss: 0.9900 | Val Loss: 1.0335 | Val Acc: 0.4926 *
Epoch [51/60] | Train Loss: 1.0016 | Val Loss: 1.0355 | Val Acc: 0.4741
Epoch [52/60] | Train Loss: 0.9692 | Val Loss: 1.0365 | Val Acc: 0.4667
Epoch [53/60] | Train Loss: 0.9979 | Val Loss: 1.0537 | Val Acc: 0.4778
Epoch [54/60] | Train Loss: 0.9910 | Val Loss: 1.0353 | Val Acc: 0.5037 *
Epoch [55/60] | Train Loss: 0.9747 | Val Loss: 1.0300 | Val Acc: 0.4852
Epoch [56/60] | Train Loss: 0.9876 | Val Loss: 1.0365 | Val Acc: 0.4889
Epoch [57/60] | Train Loss: 0.9713 | Val Loss: 1.0305 | Val Acc: 0.4815
Epoch [58/60] | Train Loss: 0.9636 | Val Loss: 1.0310 | Val Acc: 0.4815
Epoch [59/60] | Train Loss: 0.9765 | Val Loss: 1.0226 | Val Acc: 0.4778
Epoch [60/60] | Train Loss: 0.9758 | Val Loss: 1.0289 | Val Acc: 0.4963

----------------------------------------
Best Val Accuracy: 0.5037 (epoch 54)
Saved 90 labels to: Results/SEED_BYSUBJ_DGCNN_20260516_034834_allfolds/fold_1/predictions.txt

========================================
  Fold 2/5
========================================
Epoch [01/60] | Train Loss: 1.2284 | Val Loss: 1.2043 | Val Acc: 0.3704
Epoch [02/60] | Train Loss: 1.1894 | Val Loss: 1.0817 | Val Acc: 0.4074 *
Epoch [03/60] | Train Loss: 1.1624 | Val Loss: 1.0847 | Val Acc: 0.3444
Epoch [04/60] | Train Loss: 1.1208 | Val Loss: 1.0837 | Val Acc: 0.4000
Epoch [05/60] | Train Loss: 1.1090 | Val Loss: 1.0783 | Val Acc: 0.4111 *
Epoch [06/60] | Train Loss: 1.0945 | Val Loss: 1.0723 | Val Acc: 0.3889
Epoch [07/60] | Train Loss: 1.0769 | Val Loss: 1.0701 | Val Acc: 0.3852
Epoch [08/60] | Train Loss: 1.0732 | Val Loss: 1.0672 | Val Acc: 0.4037
Epoch [09/60] | Train Loss: 1.0847 | Val Loss: 1.0652 | Val Acc: 0.4111
Epoch [10/60] | Train Loss: 1.0740 | Val Loss: 1.0666 | Val Acc: 0.4222 *
Epoch [11/60] | Train Loss: 1.0696 | Val Loss: 1.0654 | Val Acc: 0.4185
Epoch [12/60] | Train Loss: 1.0573 | Val Loss: 1.0595 | Val Acc: 0.4259 *
Epoch [13/60] | Train Loss: 1.0621 | Val Loss: 1.0659 | Val Acc: 0.4333 *
Epoch [14/60] | Train Loss: 1.0624 | Val Loss: 1.0627 | Val Acc: 0.4259
Epoch [15/60] | Train Loss: 1.0539 | Val Loss: 1.0565 | Val Acc: 0.4296
Epoch [16/60] | Train Loss: 1.0536 | Val Loss: 1.0598 | Val Acc: 0.4444 *
Epoch [17/60] | Train Loss: 1.0504 | Val Loss: 1.0596 | Val Acc: 0.4556 *
Epoch [18/60] | Train Loss: 1.0573 | Val Loss: 1.0602 | Val Acc: 0.4185
Epoch [19/60] | Train Loss: 1.0427 | Val Loss: 1.0571 | Val Acc: 0.4407
Epoch [20/60] | Train Loss: 1.0463 | Val Loss: 1.0603 | Val Acc: 0.4370
Epoch [21/60] | Train Loss: 1.0423 | Val Loss: 1.0543 | Val Acc: 0.4444
Epoch [22/60] | Train Loss: 1.0356 | Val Loss: 1.0545 | Val Acc: 0.4407
Epoch [23/60] | Train Loss: 1.0392 | Val Loss: 1.0494 | Val Acc: 0.4407
Epoch [24/60] | Train Loss: 1.0288 | Val Loss: 1.0510 | Val Acc: 0.4259
Epoch [25/60] | Train Loss: 1.0337 | Val Loss: 1.0567 | Val Acc: 0.4222
Epoch [26/60] | Train Loss: 1.0330 | Val Loss: 1.0523 | Val Acc: 0.4370
Epoch [27/60] | Train Loss: 1.0323 | Val Loss: 1.0431 | Val Acc: 0.4556
Epoch [28/60] | Train Loss: 1.0417 | Val Loss: 1.0583 | Val Acc: 0.4556
Epoch [29/60] | Train Loss: 1.0254 | Val Loss: 1.0468 | Val Acc: 0.4370
Epoch [30/60] | Train Loss: 1.0147 | Val Loss: 1.0545 | Val Acc: 0.4630 *
Epoch [31/60] | Train Loss: 1.0221 | Val Loss: 1.0457 | Val Acc: 0.4667 *
Epoch [32/60] | Train Loss: 1.0214 | Val Loss: 1.0595 | Val Acc: 0.4593
Epoch [33/60] | Train Loss: 1.0101 | Val Loss: 1.0398 | Val Acc: 0.4556
Epoch [34/60] | Train Loss: 1.0213 | Val Loss: 1.0516 | Val Acc: 0.4630
Epoch [35/60] | Train Loss: 1.0178 | Val Loss: 1.0449 | Val Acc: 0.4370
Epoch [36/60] | Train Loss: 1.0097 | Val Loss: 1.0447 | Val Acc: 0.4407
Epoch [37/60] | Train Loss: 1.0048 | Val Loss: 1.0449 | Val Acc: 0.4704 *
Epoch [38/60] | Train Loss: 1.0173 | Val Loss: 1.0459 | Val Acc: 0.4481
Epoch [39/60] | Train Loss: 1.0178 | Val Loss: 1.0452 | Val Acc: 0.4333
Epoch [40/60] | Train Loss: 1.0172 | Val Loss: 1.0399 | Val Acc: 0.4481
Epoch [41/60] | Train Loss: 1.0125 | Val Loss: 1.0445 | Val Acc: 0.4222
Epoch [42/60] | Train Loss: 1.0096 | Val Loss: 1.0379 | Val Acc: 0.4593
Epoch [43/60] | Train Loss: 0.9967 | Val Loss: 1.0544 | Val Acc: 0.4333
Epoch [44/60] | Train Loss: 1.0187 | Val Loss: 1.0431 | Val Acc: 0.4407
Epoch [45/60] | Train Loss: 1.0240 | Val Loss: 1.0483 | Val Acc: 0.4444
Epoch [46/60] | Train Loss: 1.0231 | Val Loss: 1.0506 | Val Acc: 0.4333
Epoch [47/60] | Train Loss: 1.0027 | Val Loss: 1.0456 | Val Acc: 0.4407
Epoch [48/60] | Train Loss: 0.9861 | Val Loss: 1.0445 | Val Acc: 0.4519
Epoch [49/60] | Train Loss: 0.9885 | Val Loss: 1.0403 | Val Acc: 0.4704
Epoch [50/60] | Train Loss: 1.0109 | Val Loss: 1.0598 | Val Acc: 0.4222
Epoch [51/60] | Train Loss: 0.9951 | Val Loss: 1.0420 | Val Acc: 0.4556
Epoch [52/60] | Train Loss: 0.9863 | Val Loss: 1.0431 | Val Acc: 0.4704
Epoch [53/60] | Train Loss: 0.9783 | Val Loss: 1.0404 | Val Acc: 0.4556
Epoch [54/60] | Train Loss: 0.9811 | Val Loss: 1.0436 | Val Acc: 0.4593
Epoch [55/60] | Train Loss: 0.9474 | Val Loss: 1.0616 | Val Acc: 0.4333
Epoch [56/60] | Train Loss: 0.9920 | Val Loss: 1.0635 | Val Acc: 0.4444
Epoch [57/60] | Train Loss: 0.9939 | Val Loss: 1.0517 | Val Acc: 0.4185
Epoch [58/60] | Train Loss: 1.0045 | Val Loss: 1.0468 | Val Acc: 0.4444
Epoch [59/60] | Train Loss: 0.9575 | Val Loss: 1.0471 | Val Acc: 0.4370
Epoch [60/60] | Train Loss: 0.9781 | Val Loss: 1.0512 | Val Acc: 0.4519

----------------------------------------
Best Val Accuracy: 0.4704 (epoch 37)
Saved 90 labels to: Results/SEED_BYSUBJ_DGCNN_20260516_034834_allfolds/fold_2/predictions.txt

========================================
  Fold 3/5
========================================
Epoch [01/60] | Train Loss: 1.2392 | Val Loss: 1.3388 | Val Acc: 0.3333
Epoch [02/60] | Train Loss: 1.1960 | Val Loss: 1.2439 | Val Acc: 0.3333
Epoch [03/60] | Train Loss: 1.1449 | Val Loss: 1.1312 | Val Acc: 0.3704 *
Epoch [04/60] | Train Loss: 1.1282 | Val Loss: 1.0911 | Val Acc: 0.4074 *
Epoch [05/60] | Train Loss: 1.0988 | Val Loss: 1.0781 | Val Acc: 0.4111 *
Epoch [06/60] | Train Loss: 1.1085 | Val Loss: 1.0757 | Val Acc: 0.4185 *
Epoch [07/60] | Train Loss: 1.0899 | Val Loss: 1.0752 | Val Acc: 0.4148
Epoch [08/60] | Train Loss: 1.0775 | Val Loss: 1.0776 | Val Acc: 0.3889
Epoch [09/60] | Train Loss: 1.0875 | Val Loss: 1.0722 | Val Acc: 0.4185
Epoch [10/60] | Train Loss: 1.0729 | Val Loss: 1.0765 | Val Acc: 0.4111
Epoch [11/60] | Train Loss: 1.0728 | Val Loss: 1.0715 | Val Acc: 0.4296 *
Epoch [12/60] | Train Loss: 1.0765 | Val Loss: 1.0722 | Val Acc: 0.3926
Epoch [13/60] | Train Loss: 1.0695 | Val Loss: 1.0718 | Val Acc: 0.4074
Epoch [14/60] | Train Loss: 1.0694 | Val Loss: 1.0696 | Val Acc: 0.4222
Epoch [15/60] | Train Loss: 1.0633 | Val Loss: 1.0700 | Val Acc: 0.4074
Epoch [16/60] | Train Loss: 1.0613 | Val Loss: 1.0664 | Val Acc: 0.4407 *
Epoch [17/60] | Train Loss: 1.0588 | Val Loss: 1.0686 | Val Acc: 0.4000
Epoch [18/60] | Train Loss: 1.0704 | Val Loss: 1.0685 | Val Acc: 0.4000
Epoch [19/60] | Train Loss: 1.0495 | Val Loss: 1.0678 | Val Acc: 0.4000
Epoch [20/60] | Train Loss: 1.0529 | Val Loss: 1.0679 | Val Acc: 0.4037
Epoch [21/60] | Train Loss: 1.0530 | Val Loss: 1.0627 | Val Acc: 0.4148
Epoch [22/60] | Train Loss: 1.0504 | Val Loss: 1.0643 | Val Acc: 0.4222
Epoch [23/60] | Train Loss: 1.0492 | Val Loss: 1.0618 | Val Acc: 0.4111
Epoch [24/60] | Train Loss: 1.0459 | Val Loss: 1.0632 | Val Acc: 0.4222
Epoch [25/60] | Train Loss: 1.0518 | Val Loss: 1.0653 | Val Acc: 0.3778
Epoch [26/60] | Train Loss: 1.0347 | Val Loss: 1.0667 | Val Acc: 0.3815
Epoch [27/60] | Train Loss: 1.0439 | Val Loss: 1.0640 | Val Acc: 0.3926
Epoch [28/60] | Train Loss: 1.0446 | Val Loss: 1.0560 | Val Acc: 0.3926
Epoch [29/60] | Train Loss: 1.0409 | Val Loss: 1.0567 | Val Acc: 0.3926
Epoch [30/60] | Train Loss: 1.0319 | Val Loss: 1.0636 | Val Acc: 0.4074
Epoch [31/60] | Train Loss: 1.0154 | Val Loss: 1.0532 | Val Acc: 0.4444 *
Epoch [32/60] | Train Loss: 1.0102 | Val Loss: 1.0584 | Val Acc: 0.4407
Epoch [33/60] | Train Loss: 1.0238 | Val Loss: 1.0534 | Val Acc: 0.4222
Epoch [34/60] | Train Loss: 1.0225 | Val Loss: 1.0588 | Val Acc: 0.3444
Epoch [35/60] | Train Loss: 1.0259 | Val Loss: 1.0708 | Val Acc: 0.3778
Epoch [36/60] | Train Loss: 1.0270 | Val Loss: 1.0626 | Val Acc: 0.4185
Epoch [37/60] | Train Loss: 1.0103 | Val Loss: 1.0571 | Val Acc: 0.3889
Epoch [38/60] | Train Loss: 1.0156 | Val Loss: 1.0590 | Val Acc: 0.4000
Epoch [39/60] | Train Loss: 1.0091 | Val Loss: 1.0619 | Val Acc: 0.3889
Epoch [40/60] | Train Loss: 1.0029 | Val Loss: 1.0636 | Val Acc: 0.4074
Epoch [41/60] | Train Loss: 1.0129 | Val Loss: 1.0620 | Val Acc: 0.4259
Epoch [42/60] | Train Loss: 1.0149 | Val Loss: 1.0719 | Val Acc: 0.4074
Epoch [43/60] | Train Loss: 0.9962 | Val Loss: 1.0629 | Val Acc: 0.3926
Epoch [44/60] | Train Loss: 1.0011 | Val Loss: 1.0595 | Val Acc: 0.4148
Epoch [45/60] | Train Loss: 0.9982 | Val Loss: 1.0594 | Val Acc: 0.4037
Epoch [46/60] | Train Loss: 0.9903 | Val Loss: 1.0516 | Val Acc: 0.4444
Epoch [47/60] | Train Loss: 1.0119 | Val Loss: 1.0560 | Val Acc: 0.4259
Epoch [48/60] | Train Loss: 0.9979 | Val Loss: 1.0593 | Val Acc: 0.3704
Epoch [49/60] | Train Loss: 0.9850 | Val Loss: 1.0573 | Val Acc: 0.4074
Epoch [50/60] | Train Loss: 0.9676 | Val Loss: 1.0575 | Val Acc: 0.4185
Epoch [51/60] | Train Loss: 0.9998 | Val Loss: 1.0449 | Val Acc: 0.4148
Epoch [52/60] | Train Loss: 0.9953 | Val Loss: 1.0661 | Val Acc: 0.4074
Epoch [53/60] | Train Loss: 0.9865 | Val Loss: 1.0637 | Val Acc: 0.4074
Epoch [54/60] | Train Loss: 1.0113 | Val Loss: 1.0681 | Val Acc: 0.4222
Epoch [55/60] | Train Loss: 0.9833 | Val Loss: 1.0593 | Val Acc: 0.4370
Epoch [56/60] | Train Loss: 1.0033 | Val Loss: 1.0683 | Val Acc: 0.4370
Epoch [57/60] | Train Loss: 0.9728 | Val Loss: 1.0575 | Val Acc: 0.4259
Epoch [58/60] | Train Loss: 0.9812 | Val Loss: 1.0612 | Val Acc: 0.4111
Epoch [59/60] | Train Loss: 1.0124 | Val Loss: 1.0726 | Val Acc: 0.3926
Epoch [60/60] | Train Loss: 0.9825 | Val Loss: 1.0528 | Val Acc: 0.4593 *

----------------------------------------
Best Val Accuracy: 0.4593 (epoch 60)
Saved 90 labels to: Results/SEED_BYSUBJ_DGCNN_20260516_034834_allfolds/fold_3/predictions.txt

========================================
  Fold 4/5
========================================
Epoch [01/60] | Train Loss: 1.1804 | Val Loss: 1.0641 | Val Acc: 0.4370
Epoch [02/60] | Train Loss: 1.1961 | Val Loss: 1.0592 | Val Acc: 0.4370
Epoch [03/60] | Train Loss: 1.1532 | Val Loss: 1.0678 | Val Acc: 0.4037
Epoch [04/60] | Train Loss: 1.1068 | Val Loss: 1.0504 | Val Acc: 0.4556 *
Epoch [05/60] | Train Loss: 1.0943 | Val Loss: 1.0455 | Val Acc: 0.4556
Epoch [06/60] | Train Loss: 1.0919 | Val Loss: 1.0457 | Val Acc: 0.4556
Epoch [07/60] | Train Loss: 1.0734 | Val Loss: 1.0453 | Val Acc: 0.4519
Epoch [08/60] | Train Loss: 1.0801 | Val Loss: 1.0452 | Val Acc: 0.4370
Epoch [09/60] | Train Loss: 1.0785 | Val Loss: 1.0481 | Val Acc: 0.4370
Epoch [10/60] | Train Loss: 1.0709 | Val Loss: 1.0441 | Val Acc: 0.4370
Epoch [11/60] | Train Loss: 1.0601 | Val Loss: 1.0466 | Val Acc: 0.4333
Epoch [12/60] | Train Loss: 1.0698 | Val Loss: 1.0413 | Val Acc: 0.4815 *
Epoch [13/60] | Train Loss: 1.0637 | Val Loss: 1.0451 | Val Acc: 0.4370
Epoch [14/60] | Train Loss: 1.0492 | Val Loss: 1.0474 | Val Acc: 0.4407
Epoch [15/60] | Train Loss: 1.0493 | Val Loss: 1.0461 | Val Acc: 0.4296
Epoch [16/60] | Train Loss: 1.0538 | Val Loss: 1.0453 | Val Acc: 0.4333
Epoch [17/60] | Train Loss: 1.0529 | Val Loss: 1.0463 | Val Acc: 0.4593
Epoch [18/60] | Train Loss: 1.0497 | Val Loss: 1.0447 | Val Acc: 0.4519
Epoch [19/60] | Train Loss: 1.0425 | Val Loss: 1.0547 | Val Acc: 0.4259
Epoch [20/60] | Train Loss: 1.0559 | Val Loss: 1.0394 | Val Acc: 0.4667
Epoch [21/60] | Train Loss: 1.0459 | Val Loss: 1.0388 | Val Acc: 0.4444
Epoch [22/60] | Train Loss: 1.0497 | Val Loss: 1.0359 | Val Acc: 0.4444
Epoch [23/60] | Train Loss: 1.0450 | Val Loss: 1.0493 | Val Acc: 0.3963
Epoch [24/60] | Train Loss: 1.0343 | Val Loss: 1.0348 | Val Acc: 0.4370
Epoch [25/60] | Train Loss: 1.0367 | Val Loss: 1.0467 | Val Acc: 0.4148
Epoch [26/60] | Train Loss: 1.0468 | Val Loss: 1.0407 | Val Acc: 0.4370
Epoch [27/60] | Train Loss: 1.0400 | Val Loss: 1.0426 | Val Acc: 0.4333
Epoch [28/60] | Train Loss: 1.0259 | Val Loss: 1.0350 | Val Acc: 0.4519
Epoch [29/60] | Train Loss: 1.0196 | Val Loss: 1.0302 | Val Acc: 0.4556
Epoch [30/60] | Train Loss: 1.0337 | Val Loss: 1.0331 | Val Acc: 0.4556
Epoch [31/60] | Train Loss: 1.0310 | Val Loss: 1.0322 | Val Acc: 0.4519
Epoch [32/60] | Train Loss: 1.0163 | Val Loss: 1.0300 | Val Acc: 0.4778
Epoch [33/60] | Train Loss: 1.0246 | Val Loss: 1.0374 | Val Acc: 0.4481
Epoch [34/60] | Train Loss: 1.0203 | Val Loss: 1.0420 | Val Acc: 0.4407
Epoch [35/60] | Train Loss: 1.0312 | Val Loss: 1.0450 | Val Acc: 0.4074
Epoch [36/60] | Train Loss: 1.0199 | Val Loss: 1.0312 | Val Acc: 0.4593
Epoch [37/60] | Train Loss: 1.0134 | Val Loss: 1.0386 | Val Acc: 0.4333
Epoch [38/60] | Train Loss: 1.0270 | Val Loss: 1.0363 | Val Acc: 0.4259
Epoch [39/60] | Train Loss: 1.0155 | Val Loss: 1.0385 | Val Acc: 0.4333
Epoch [40/60] | Train Loss: 1.0115 | Val Loss: 1.0270 | Val Acc: 0.4444
Epoch [41/60] | Train Loss: 1.0057 | Val Loss: 1.0270 | Val Acc: 0.4519
Epoch [42/60] | Train Loss: 1.0134 | Val Loss: 1.0296 | Val Acc: 0.4556

Early stopping at epoch 42 (patience=30)

----------------------------------------
Best Val Accuracy: 0.4815 (epoch 12)
Saved 90 labels to: Results/SEED_BYSUBJ_DGCNN_20260516_034834_allfolds/fold_4/predictions.txt

========================================
  Fold 5/5
========================================
Epoch [01/60] | Train Loss: 1.2160 | Val Loss: 1.1418 | Val Acc: 0.3296
Epoch [02/60] | Train Loss: 1.1539 | Val Loss: 1.2071 | Val Acc: 0.3481 *
Epoch [03/60] | Train Loss: 1.1392 | Val Loss: 1.0937 | Val Acc: 0.4074 *
Epoch [04/60] | Train Loss: 1.0979 | Val Loss: 1.0732 | Val Acc: 0.3889
Epoch [05/60] | Train Loss: 1.0931 | Val Loss: 1.0886 | Val Acc: 0.3667
Epoch [06/60] | Train Loss: 1.0803 | Val Loss: 1.0736 | Val Acc: 0.3889
Epoch [07/60] | Train Loss: 1.0804 | Val Loss: 1.0798 | Val Acc: 0.4333 *
Epoch [08/60] | Train Loss: 1.0773 | Val Loss: 1.0710 | Val Acc: 0.4370 *
Epoch [09/60] | Train Loss: 1.0747 | Val Loss: 1.0671 | Val Acc: 0.4037
Epoch [10/60] | Train Loss: 1.0714 | Val Loss: 1.0657 | Val Acc: 0.4259
Epoch [11/60] | Train Loss: 1.0554 | Val Loss: 1.0686 | Val Acc: 0.4222
Epoch [12/60] | Train Loss: 1.0742 | Val Loss: 1.0666 | Val Acc: 0.4222
Epoch [13/60] | Train Loss: 1.0671 | Val Loss: 1.0750 | Val Acc: 0.3741
Epoch [14/60] | Train Loss: 1.0620 | Val Loss: 1.0683 | Val Acc: 0.4185
Epoch [15/60] | Train Loss: 1.0634 | Val Loss: 1.0668 | Val Acc: 0.4296
Epoch [16/60] | Train Loss: 1.0480 | Val Loss: 1.0669 | Val Acc: 0.4185
Epoch [17/60] | Train Loss: 1.0628 | Val Loss: 1.0744 | Val Acc: 0.3704
Epoch [18/60] | Train Loss: 1.0564 | Val Loss: 1.0700 | Val Acc: 0.4333
Epoch [19/60] | Train Loss: 1.0496 | Val Loss: 1.0672 | Val Acc: 0.4222
Epoch [20/60] | Train Loss: 1.0534 | Val Loss: 1.0626 | Val Acc: 0.4185
Epoch [21/60] | Train Loss: 1.0365 | Val Loss: 1.0667 | Val Acc: 0.4148
Epoch [22/60] | Train Loss: 1.0329 | Val Loss: 1.0703 | Val Acc: 0.3963
Epoch [23/60] | Train Loss: 1.0486 | Val Loss: 1.0642 | Val Acc: 0.4333
Epoch [24/60] | Train Loss: 1.0536 | Val Loss: 1.0655 | Val Acc: 0.4185
Epoch [25/60] | Train Loss: 1.0360 | Val Loss: 1.0674 | Val Acc: 0.4111
Epoch [26/60] | Train Loss: 1.0389 | Val Loss: 1.0616 | Val Acc: 0.4407 *
Epoch [27/60] | Train Loss: 1.0353 | Val Loss: 1.0521 | Val Acc: 0.4148
Epoch [28/60] | Train Loss: 1.0462 | Val Loss: 1.0588 | Val Acc: 0.4259
Epoch [29/60] | Train Loss: 1.0168 | Val Loss: 1.0613 | Val Acc: 0.4037
Epoch [30/60] | Train Loss: 1.0117 | Val Loss: 1.0712 | Val Acc: 0.4148
Epoch [31/60] | Train Loss: 1.0115 | Val Loss: 1.0635 | Val Acc: 0.4148
Epoch [32/60] | Train Loss: 1.0195 | Val Loss: 1.0686 | Val Acc: 0.4037
Epoch [33/60] | Train Loss: 1.0058 | Val Loss: 1.0621 | Val Acc: 0.4074
Epoch [34/60] | Train Loss: 1.0149 | Val Loss: 1.0701 | Val Acc: 0.4000
Epoch [35/60] | Train Loss: 1.0025 | Val Loss: 1.0616 | Val Acc: 0.4407
Epoch [36/60] | Train Loss: 1.0161 | Val Loss: 1.0656 | Val Acc: 0.4296
Epoch [37/60] | Train Loss: 1.0130 | Val Loss: 1.0654 | Val Acc: 0.3815
Epoch [38/60] | Train Loss: 1.0101 | Val Loss: 1.0601 | Val Acc: 0.4222
Epoch [39/60] | Train Loss: 0.9975 | Val Loss: 1.0634 | Val Acc: 0.4111
Epoch [40/60] | Train Loss: 1.0102 | Val Loss: 1.0554 | Val Acc: 0.4333
Epoch [41/60] | Train Loss: 0.9917 | Val Loss: 1.0646 | Val Acc: 0.4000
Epoch [42/60] | Train Loss: 1.0110 | Val Loss: 1.0636 | Val Acc: 0.4333
Epoch [43/60] | Train Loss: 0.9852 | Val Loss: 1.0622 | Val Acc: 0.4148
Epoch [44/60] | Train Loss: 0.9606 | Val Loss: 1.0550 | Val Acc: 0.4037
Epoch [45/60] | Train Loss: 1.0044 | Val Loss: 1.0599 | Val Acc: 0.4148
Epoch [46/60] | Train Loss: 0.9859 | Val Loss: 1.0602 | Val Acc: 0.4074
Epoch [47/60] | Train Loss: 0.9885 | Val Loss: 1.0614 | Val Acc: 0.4370
Epoch [48/60] | Train Loss: 0.9909 | Val Loss: 1.0658 | Val Acc: 0.4000
Epoch [49/60] | Train Loss: 0.9893 | Val Loss: 1.0668 | Val Acc: 0.4185
Epoch [50/60] | Train Loss: 0.9882 | Val Loss: 1.0654 | Val Acc: 0.4370
Epoch [51/60] | Train Loss: 0.9913 | Val Loss: 1.0680 | Val Acc: 0.4222
Epoch [52/60] | Train Loss: 0.9750 | Val Loss: 1.0630 | Val Acc: 0.4148
Epoch [53/60] | Train Loss: 0.9849 | Val Loss: 1.0673 | Val Acc: 0.4185
Epoch [54/60] | Train Loss: 0.9720 | Val Loss: 1.0636 | Val Acc: 0.4407
Epoch [55/60] | Train Loss: 0.9838 | Val Loss: 1.0613 | Val Acc: 0.4222
Epoch [56/60] | Train Loss: 0.9643 | Val Loss: 1.0648 | Val Acc: 0.4074

Early stopping at epoch 56 (patience=30)

----------------------------------------
Best Val Accuracy: 0.4407 (epoch 26)
Saved 90 labels to: Results/SEED_BYSUBJ_DGCNN_20260516_034834_allfolds/fold_5/predictions.txt

========================================
CV Results (5 folds):
  Fold 1:  final=0.4963  best=0.5037
  Fold 2:  final=0.4519  best=0.4704
  Fold 3:  final=0.4593  best=0.4593
  Fold 4:  final=0.4556  best=0.4815
  Fold 5:  final=0.4074  best=0.4407
  Mean ± std final:  0.4541 ± 0.0283
  Mean ± std best:   0.4711 ± 0.0211

All outputs saved to: Results/SEED_BYSUBJ_DGCNN_20260516_034834_allfolds/
